<?xml version="1.0" encoding="UTF-8"?>
<testsuite name="RectangleTest" tests="6" skipped="0" failures="0" errors="0" timestamp="2017-04-25T12:46:22" hostname="dickson-HP-Pavilion-dv6-Notebook-PC" time="0.004">
  <properties/>
  <testcase name="newRectangle_getsLenght_2" classname="RectangleTest" time="0.001"/>
  <testcase name="isSquare_allSidessEqual_true" classname="RectangleTest" time="0.0"/>
  <testcase name="newRectangle_instantiatesCorrectly" classname="RectangleTest" time="0.001"/>
  <testcase name="getWidth_getsRectangleWidth_4" classname="RectangleTest" time="0.0"/>
  <testcase name="isSquare_whenNotASquare_false" classname="RectangleTest" time="0.0"/>
  <testcase name="all_returnsAllInstancesOfRectangle_true" classname="RectangleTest" time="0.0"/>
  <system-out><![CDATA[]]></system-out>
  <system-err><![CDATA[]]></system-err>
</testsuite>
